2025-04-19 14:14:58 INFO  - Starting MoviesApplication using Java 21.0.6 with PID 63944 (C:\Users\festo\Desktop\projects\uniproject\target\classes started by festo in C:\Users\festo\Desktop\projects\uniproject)
2025-04-19 14:14:58 DEBUG - Running with Spring Boot v3.4.3, Spring v6.2.3
2025-04-19 14:14:58 INFO  - No active profile set, falling back to 1 default profile: "default"
2025-04-19 14:14:58 INFO  - Bootstrapping Spring Data JPA repositories in DEFAULT mode.
2025-04-19 14:14:59 INFO  - Finished Spring Data repository scanning in 61 ms. Found 5 JPA repository interfaces.
2025-04-19 14:14:59 INFO  - Tomcat initialized with port 8080 (http)
2025-04-19 14:14:59 INFO  - Starting service [Tomcat]
2025-04-19 14:14:59 INFO  - Starting Servlet engine: [Apache Tomcat/10.1.36]
2025-04-19 14:14:59 INFO  - Initializing Spring embedded WebApplicationContext
2025-04-19 14:14:59 INFO  - Root WebApplicationContext: initialization completed in 1210 ms
2025-04-19 14:14:59 INFO  - HHH000204: Processing PersistenceUnitInfo [name: default]
2025-04-19 14:14:59 INFO  - HHH000412: Hibernate ORM core version 6.6.8.Final
2025-04-19 14:14:59 INFO  - HHH000026: Second-level cache disabled
2025-04-19 14:15:00 INFO  - No LoadTimeWeaver setup: ignoring JPA class transformer
2025-04-19 14:15:00 INFO  - HikariPool-1 - Starting...
2025-04-19 14:15:00 INFO  - HikariPool-1 - Added connection org.postgresql.jdbc.PgConnection@4a4b288a
2025-04-19 14:15:00 INFO  - HikariPool-1 - Start completed.
2025-04-19 14:15:00 WARN  - HHH90000025: PostgreSQLDialect does not need to be specified explicitly using 'hibernate.dialect' (remove the property setting and it will be selected by default)
2025-04-19 14:15:00 INFO  - HHH10001005: Database info:
	Database JDBC URL [Connecting through datasource 'HikariDataSource (HikariPool-1)']
	Database driver: undefined/unknown
	Database version: 17.2
	Autocommit mode: undefined/unknown
	Isolation level: undefined/unknown
	Minimum pool size: undefined/unknown
	Maximum pool size: undefined/unknown
2025-04-19 14:15:00 INFO  - HHH000489: No JTA platform available (set 'hibernate.transaction.jta.platform' to enable JTA platform integration)
2025-04-19 14:15:01 INFO  - Initialized JPA EntityManagerFactory for persistence unit 'default'
2025-04-19 14:15:01 INFO  - Hibernate is in classpath; If applicable, HQL parser will be used.
2025-04-19 14:15:01 DEBUG - Filter 'jwtAuthenticationFilter' configured for use
2025-04-19 14:15:02 WARN  - spring.jpa.open-in-view is enabled by default. Therefore, database queries may be performed during view rendering. Explicitly configure spring.jpa.open-in-view to disable this warning
2025-04-19 14:15:02 INFO  - Global AuthenticationManager configured with UserDetailsService bean with name customUserDetailsService
2025-04-19 14:15:02 INFO  - Failed to set up a Bean Validation provider: jakarta.validation.NoProviderFoundException: Unable to create a Configuration, because no Jakarta Bean Validation provider could be found. Add a provider like Hibernate Validator (RI) to your classpath.
2025-04-19 14:15:02 INFO  - Tomcat started on port 8080 (http) with context path '/'
2025-04-19 14:15:02 INFO  - Started MoviesApplication in 4.675 seconds (process running for 5.07)
2025-04-19 14:15:02 INFO  - Starting user seeding...
2025-04-19 14:15:02 INFO  - Initializing Spring DispatcherServlet 'dispatcherServlet'
2025-04-19 14:15:02 INFO  - Initializing Servlet 'dispatcherServlet'
2025-04-19 14:15:02 INFO  - Completed initialization in 1 ms
2025-04-19 14:15:02 INFO  - Users already exist in the database. Skipping seeding.
2025-04-19 14:15:02 INFO  - Starting event seeding...
2025-04-19 14:15:02 INFO  - Events already exist in the database. Skipping seeding.
2025-04-19 14:15:02 INFO  - News already exist in the database. Skipping seeding.
2025-04-19 14:15:08 INFO  - Init duration for springdoc-openapi is: 702 ms
2025-04-19 14:16:29 INFO  - Attempting login for user: admin1
2025-04-19 14:16:30 INFO  - User admin1 logged in successfully
2025-04-19 14:17:02 WARN  - Serializing PageImpl instances as-is is not supported, meaning that there is no guarantee about the stability of the resulting JSON structure!
	For a stable JSON structure, please use Spring Data's PagedModel (globally via @EnableSpringDataWebSupport(pageSerializationMode = VIA_DTO))
	or Spring HATEOAS and Spring Data's PagedResourcesAssembler as documented in https://docs.spring.io/spring-data/commons/reference/repositories/core-extensions.html#core.web.pageables.

2025-04-19 14:48:33 INFO  - Newsletter email sent to student.petr.petrov2003@example.com
2025-04-19 14:48:33 INFO  - Newsletter email sent to student.alexey.smirnov2005@example.com
2025-04-19 14:48:56 INFO  - Attempting login for user: teacher9
2025-04-19 14:48:56 INFO  - User teacher9 logged in successfully
2025-04-19 14:49:35 INFO  - Attempting to enroll student 36 to course 1
2025-04-19 14:49:35 INFO  - Current user: teacher9
2025-04-19 14:49:35 INFO  - Found course: Game Development
2025-04-19 14:49:35 INFO  - Enrolling student 36 to course 1
2025-04-19 14:49:35 INFO  - User details - ID: 36, Username: student6, Roles: ROLE_STUDENT
2025-04-19 14:49:35 INFO  - Successfully enrolled student 36 to course 1
2025-04-19 14:49:35 INFO  - Successfully enrolled student 36 to course 1
2025-04-19 14:49:35 INFO  - Attempting to send email to student.andrey.popov2002@example.com
2025-04-19 14:49:35 INFO  - Email sent successfully to student.andrey.popov2002@example.com
